<?xml version="1.0" encoding="UTF-8"?>
<robot generator="Robot 4.0.3 (Python 3.9.5 on linux)" generated="20210616 16:16:45.851" rpa="false" schemaversion="2">
<suite id="s1" name="Exercise 2" source="/home/brenoalves/Documentos/Prime-Experts/tests/exercise_2.robot">
<test id="s1-t1" name="Caso de Teste 1: Argumentos e Retornos">
<kw name="Criar um email formado por &quot;nome_sobrenome_idade@robot.com&quot;" library="resource_2" sourcename="Criar um email formado por &quot;${EMAIL}&quot;">
<kw name="keyword email" library="resource_2">
<var>${E-MAIL}</var>
<arg>${INFO.nome}</arg>
<arg>${INFO.sobrenome}</arg>
<arg>${INFO.idade}</arg>
<kw name="Catenate" library="BuiltIn">
<var>${RESULT}</var>
<arg>SEPARATOR=_</arg>
<arg>${NOME}</arg>
<arg>${SOBRENOME}</arg>
<arg>${IDADE}</arg>
<doc>Catenates the given items together and returns the resulted string.</doc>
<msg timestamp="20210616 16:16:45.890" level="INFO">${RESULT} = breno_alves_27</msg>
<status status="PASS" starttime="20210616 16:16:45.889" endtime="20210616 16:16:45.890"/>
</kw>
<msg timestamp="20210616 16:16:45.890" level="INFO">${E-MAIL} = breno_alves_27@robot.com</msg>
<status status="PASS" starttime="20210616 16:16:45.886" endtime="20210616 16:16:45.890"/>
</kw>
<kw name="Log To Console" library="BuiltIn">
<arg>${E-MAIL}</arg>
<doc>Logs the given message to the console.</doc>
<status status="PASS" starttime="20210616 16:16:45.890" endtime="20210616 16:16:45.891"/>
</kw>
<status status="PASS" starttime="20210616 16:16:45.886" endtime="20210616 16:16:45.891"/>
</kw>
<status status="PASS" starttime="20210616 16:16:45.885" endtime="20210616 16:16:45.891"/>
</test>
<doc>Exercício 2:
Criar uma keyword que gera um e-mail
formado por nome_sobrenome_idade@robot.com</doc>
<status status="PASS" starttime="20210616 16:16:45.852" endtime="20210616 16:16:45.892"/>
</suite>
<statistics>
<total>
<stat pass="1" fail="0" skip="0">All Tests</stat>
</total>
<tag>
</tag>
<suite>
<stat pass="1" fail="0" skip="0" id="s1" name="Exercise 2">Exercise 2</stat>
</suite>
</statistics>
<errors>
</errors>
</robot>
